<?xml version="1.0" encoding="UTF-8"?>
<!-- Generated by org.testng.reporters.JUnitXMLReporter -->
<testsuite ignored="0" hostname="ARPGL002607" failures="0" tests="4" name="Test" time="14.616" errors="0" timestamp="2022-10-10T15:50:44 IST">
  <testcase classname="com.web.test.FlightBookingTest" name="openApplication" time="9.902"/>
  <testcase classname="com.web.test.FlightBookingTest" name="selectFromCity" time="0.264"/>
  <testcase classname="com.web.test.FlightBookingTest" name="selectToCity" time="2.263"/>
  <testcase classname="com.web.test.FlightBookingTest" name="searchFlight" time="2.147"/>
</testsuite> <!-- Test -->
